<?xml version="1.0" encoding="UTF-8"?>
<!-- Generated by org.testng.reporters.JUnitXMLReporter -->
<testsuite ignored="0" hostname="Abhinashs-MacBook-Air.local" failures="0" tests="3" name="Default test" time="0.103" errors="0" timestamp="2025-08-31T18:27:10 IST">
  <testcase classname="com.test.testCases.Retry" name="Test" time="0.025"/>
  <testcase classname="com.test.testCases.Retry" name="Test" time="0.002"/>
  <testcase classname="com.test.testCases.Retry" name="Test" time="0.003"/>
</testsuite> <!-- Default test -->
