<?xml version="1.0" encoding="UTF-8"?>
<!-- Generated by org.testng.reporters.JUnitXMLReporter -->
<testsuite ignored="1" hostname="Abhinashs-MacBook-Air.local" failures="0" tests="1" name="Default test" time="16.423" errors="0" timestamp="2025-11-22T17:47:37 IST">
  <testcase classname="com.test.testCases.BrowserLaunchTest" name="googleTitleTest" time="0.481"/>
  <testcase classname="com.test.testCases.BrowserLaunchTest" name="googleTest" time="0.0">
    <ignored/>
  </testcase> <!-- googleTest -->
</testsuite> <!-- Default test -->
