<?xml version="1.0" encoding="UTF-8"?>
<testsuite xmlns:xsi="http://www.w3.org/2001/XMLSchema-instance" xsi:noNamespaceSchemaLocation="https://maven.apache.org/surefire/maven-surefire-plugin/xsd/surefire-test-report-3.0.xsd" version="3.0" name="TestSuite" time="24.982" tests="2" errors="0" skipped="0" failures="0">
  <properties>
[...]
</properties>
  <testcase name="googleTest" classname="com.test.testCases.BrowserLaunchTest" time="22.775">
    <system-out><![CDATA[Total links:25
Links:https://about.google/?fg=1&utm_source=google-IN&utm_medium=referral&utm_campaign=hp-header
Valid link:https://about.google/?fg=1&utm_source=google-IN&utm_medium=referral&utm_campaign=hp-header
Links:https://store.google.com/IN?utm_source=hp_header&utm_medium=google_ooo&utm_campaign=GS100042&hl=en-IN
Valid link:https://store.google.com/IN?utm_source=hp_header&utm_medium=google_ooo&utm_campaign=GS100042&hl=en-IN
Links:https://mail.google.com/mail/&ogbl
Valid link:https://mail.google.com/mail/&ogbl
Links:https://www.google.com/imghp?hl=en&ogbl
Valid link:https://www.google.com/imghp?hl=en&ogbl
Links:https://www.google.co.in/intl/en/about/products
Valid link:https://www.google.co.in/intl/en/about/products
Links:https://accounts.google.com/ServiceLogin?hl=en&passive=true&continue=https://www.google.com/&ec=futura_exp_og_so_72776762_e
Valid link:https://accounts.google.com/ServiceLogin?hl=en&passive=true&continue=https://www.google.com/&ec=futura_exp_og_so_72776762_e
Links:https://www.google.com/setprefs?sig=0_v_4ii3CnM1qUS-voHZvLjmsPDvo%3D&hl=hi&source=homepage&sa=X&ved=0ahUKEwjNkZ3V2oeRAxXs4zgGHRABGM0Q2ZgBCBg
Valid link:https://www.google.com/setprefs?sig=0_v_4ii3CnM1qUS-voHZvLjmsPDvo%3D&hl=hi&source=homepage&sa=X&ved=0ahUKEwjNkZ3V2oeRAxXs4zgGHRABGM0Q2ZgBCBg
Links:https://www.google.com/setprefs?sig=0_v_4ii3CnM1qUS-voHZvLjmsPDvo%3D&hl=bn&source=homepage&sa=X&ved=0ahUKEwjNkZ3V2oeRAxXs4zgGHRABGM0Q2ZgBCBk
Valid link:https://www.google.com/setprefs?sig=0_v_4ii3CnM1qUS-voHZvLjmsPDvo%3D&hl=bn&source=homepage&sa=X&ved=0ahUKEwjNkZ3V2oeRAxXs4zgGHRABGM0Q2ZgBCBk
Links:https://www.google.com/setprefs?sig=0_v_4ii3CnM1qUS-voHZvLjmsPDvo%3D&hl=te&source=homepage&sa=X&ved=0ahUKEwjNkZ3V2oeRAxXs4zgGHRABGM0Q2ZgBCBo
Valid link:https://www.google.com/setprefs?sig=0_v_4ii3CnM1qUS-voHZvLjmsPDvo%3D&hl=te&source=homepage&sa=X&ved=0ahUKEwjNkZ3V2oeRAxXs4zgGHRABGM0Q2ZgBCBo
Links:https://www.google.com/setprefs?sig=0_v_4ii3CnM1qUS-voHZvLjmsPDvo%3D&hl=mr&source=homepage&sa=X&ved=0ahUKEwjNkZ3V2oeRAxXs4zgGHRABGM0Q2ZgBCBs
Valid link:https://www.google.com/setprefs?sig=0_v_4ii3CnM1qUS-voHZvLjmsPDvo%3D&hl=mr&source=homepage&sa=X&ved=0ahUKEwjNkZ3V2oeRAxXs4zgGHRABGM0Q2ZgBCBs
Links:https://www.google.com/setprefs?sig=0_v_4ii3CnM1qUS-voHZvLjmsPDvo%3D&hl=ta&source=homepage&sa=X&ved=0ahUKEwjNkZ3V2oeRAxXs4zgGHRABGM0Q2ZgBCBw
Valid link:https://www.google.com/setprefs?sig=0_v_4ii3CnM1qUS-voHZvLjmsPDvo%3D&hl=ta&source=homepage&sa=X&ved=0ahUKEwjNkZ3V2oeRAxXs4zgGHRABGM0Q2ZgBCBw
Links:https://www.google.com/setprefs?sig=0_v_4ii3CnM1qUS-voHZvLjmsPDvo%3D&hl=gu&source=homepage&sa=X&ved=0ahUKEwjNkZ3V2oeRAxXs4zgGHRABGM0Q2ZgBCB0
Valid link:https://www.google.com/setprefs?sig=0_v_4ii3CnM1qUS-voHZvLjmsPDvo%3D&hl=gu&source=homepage&sa=X&ved=0ahUKEwjNkZ3V2oeRAxXs4zgGHRABGM0Q2ZgBCB0
Links:https://www.google.com/setprefs?sig=0_v_4ii3CnM1qUS-voHZvLjmsPDvo%3D&hl=kn&source=homepage&sa=X&ved=0ahUKEwjNkZ3V2oeRAxXs4zgGHRABGM0Q2ZgBCB4
Valid link:https://www.google.com/setprefs?sig=0_v_4ii3CnM1qUS-voHZvLjmsPDvo%3D&hl=kn&source=homepage&sa=X&ved=0ahUKEwjNkZ3V2oeRAxXs4zgGHRABGM0Q2ZgBCB4
Links:https://www.google.com/setprefs?sig=0_v_4ii3CnM1qUS-voHZvLjmsPDvo%3D&hl=ml&source=homepage&sa=X&ved=0ahUKEwjNkZ3V2oeRAxXs4zgGHRABGM0Q2ZgBCB8
Valid link:https://www.google.com/setprefs?sig=0_v_4ii3CnM1qUS-voHZvLjmsPDvo%3D&hl=ml&source=homepage&sa=X&ved=0ahUKEwjNkZ3V2oeRAxXs4zgGHRABGM0Q2ZgBCB8
Links:https://www.google.com/setprefs?sig=0_v_4ii3CnM1qUS-voHZvLjmsPDvo%3D&hl=pa&source=homepage&sa=X&ved=0ahUKEwjNkZ3V2oeRAxXs4zgGHRABGM0Q2ZgBCCA
Valid link:https://www.google.com/setprefs?sig=0_v_4ii3CnM1qUS-voHZvLjmsPDvo%3D&hl=pa&source=homepage&sa=X&ved=0ahUKEwjNkZ3V2oeRAxXs4zgGHRABGM0Q2ZgBCCA
Links:https://www.google.com/intl/en_in/ads/?subid=ww-ww-et-g-awa-a-g_hpafoot1_1!o2&utm_source=google.com&utm_medium=referral&utm_campaign=google_hpafooter&fg=1
Valid link:https://www.google.com/intl/en_in/ads/?subid=ww-ww-et-g-awa-a-g_hpafoot1_1!o2&utm_source=google.com&utm_medium=referral&utm_campaign=google_hpafooter&fg=1
Links:https://www.google.com/services/?subid=ww-ww-et-g-awa-a-g_hpbfoot1_1!o2&utm_source=google.com&utm_medium=referral&utm_campaign=google_hpbfooter&fg=1
Valid link:https://www.google.com/services/?subid=ww-ww-et-g-awa-a-g_hpbfoot1_1!o2&utm_source=google.com&utm_medium=referral&utm_campaign=google_hpbfooter&fg=1
Links:https://google.com/search/howsearchworks/?fg=1
Valid link:https://google.com/search/howsearchworks/?fg=1
Links:https://policies.google.com/privacy?hl=en-IN&fg=1
Valid link:https://policies.google.com/privacy?hl=en-IN&fg=1
Links:https://policies.google.com/terms?hl=en-IN&fg=1
Valid link:https://policies.google.com/terms?hl=en-IN&fg=1
Links:https://www.google.com/preferences?hl=en-IN&fg=1
Valid link:https://www.google.com/preferences?hl=en-IN&fg=1
Links:https://www.google.com/advanced_search?hl=en-IN&fg=1
Valid link:https://www.google.com/advanced_search?hl=en-IN&fg=1
Links:https://www.google.com/history/privacyadvisor/search/unauth?utm_source=googlemenu&fg=1&cctld=com
Valid link:https://www.google.com/history/privacyadvisor/search/unauth?utm_source=googlemenu&fg=1&cctld=com
Links:https://www.google.com/history/optout?hl=en-IN&fg=1
Valid link:https://www.google.com/history/optout?hl=en-IN&fg=1
Links:https://support.google.com/websearch/?p=ws_results_help&hl=en-IN&fg=1
Valid link:https://support.google.com/websearch/?p=ws_results_help&hl=en-IN&fg=1

All the links are checked
]]></system-out>
    <system-err><![CDATA[SLF4J(W): No SLF4J providers were found.
SLF4J(W): Defaulting to no-operation (NOP) logger implementation
SLF4J(W): See https://www.slf4j.org/codes.html#noProviders for further details.
Nov 23, 2025 12:35:06 PM org.openqa.selenium.devtools.CdpVersionFinder findNearestMatch
WARNING: Unable to find CDP implementation matching 142
Nov 23, 2025 12:35:06 PM org.openqa.selenium.chromium.ChromiumDriver lambda$new$4
WARNING: Unable to find version of CDP to use for 142.0.7444.176. You may need to include a dependency on a specific version of the CDP using something similar to `org.seleniumhq.selenium:selenium-devtools-v86:4.32.0` where the version ("v86") matches the version of the chromium-based browser you're using and the version number of the artifact is the same as Selenium's.
]]></system-err>
  </testcase>
  <testcase name="googleTitleTest" classname="com.test.testCases.BrowserLaunchTest" time="0.0"/>
</testsuite>