<?xml version="1.0" encoding="UTF-8"?>
<testng-results ignored="0" total="1" passed="1" failed="0" skipped="0">
  <reporter-output>
  </reporter-output>
  <suite started-at="2024-12-12T08:47:00 IST" name="Surefire suite" finished-at="2024-12-12T08:47:18 IST" duration-ms="18329">
    <groups>
    </groups>
    <test started-at="2024-12-12T08:47:00 IST" name="Surefire test" finished-at="2024-12-12T08:47:18 IST" duration-ms="18329">
      <class name="com.test.testCases.BrowserLaunchTest">
        <test-method is-config="true" signature="setup()[pri:0, instance:com.test.testCases.BrowserLaunchTest@7a4ccb53]" started-at="2024-12-12T08:47:00 IST" name="setup" finished-at="2024-12-12T08:47:16 IST" duration-ms="16520" status="PASS">
          <reporter-output>
          </reporter-output>
        </test-method> <!-- setup -->
        <test-method signature="googleTest()[pri:0, instance:com.test.testCases.BrowserLaunchTest@7a4ccb53]" started-at="2024-12-12T08:47:16 IST" name="googleTest" finished-at="2024-12-12T08:47:17 IST" duration-ms="1244" status="PASS">
          <reporter-output>
          </reporter-output>
        </test-method> <!-- googleTest -->
        <test-method is-config="true" signature="tearDown()[pri:0, instance:com.test.testCases.BrowserLaunchTest@7a4ccb53]" started-at="2024-12-12T08:47:17 IST" name="tearDown" finished-at="2024-12-12T08:47:18 IST" duration-ms="519" status="PASS">
          <reporter-output>
          </reporter-output>
        </test-method> <!-- tearDown -->
      </class> <!-- com.test.testCases.BrowserLaunchTest -->
    </test> <!-- Surefire test -->
  </suite> <!-- Surefire suite -->
</testng-results>
