<?xml version="1.0" encoding="UTF-8"?>
<testng-results ignored="0" total="2" passed="2" failed="0" skipped="0">
  <reporter-output>
  </reporter-output>
  <suite started-at="2025-11-23T12:35:05 IST" name="MavenTestSuite" finished-at="2025-11-23T12:35:30 IST" duration-ms="24840">
    <groups>
      <group name="Sanity testing">
        <method signature="BrowserLaunchTest.googleTest()[pri:0, instance:com.test.testCases.BrowserLaunchTest@12b0404f]" name="googleTest" class="com.test.testCases.BrowserLaunchTest"/>
      </group> <!-- Sanity testing -->
    </groups>
    <test started-at="2025-11-23T12:35:05 IST" name="SampleTest" finished-at="2025-11-23T12:35:30 IST" duration-ms="24840">
      <class name="com.test.testCases.BrowserLaunchTest">
        <test-method is-config="true" signature="setup()[pri:0, instance:com.test.testCases.BrowserLaunchTest@12b0404f]" started-at="2025-11-23T12:35:05 IST" name="setup" finished-at="2025-11-23T12:35:07 IST" duration-ms="1841" status="PASS">
          <reporter-output>
          </reporter-output>
        </test-method> <!-- setup -->
        <test-method signature="googleTest()[pri:0, instance:com.test.testCases.BrowserLaunchTest@12b0404f]" started-at="2025-11-23T12:35:07 IST" name="googleTest" finished-at="2025-11-23T12:35:30 IST" duration-ms="22766" status="PASS">
          <reporter-output>
          </reporter-output>
        </test-method> <!-- googleTest -->
        <test-method signature="googleTitleTest()[pri:1, instance:com.test.testCases.BrowserLaunchTest@12b0404f]" started-at="2025-11-23T12:35:30 IST" name="googleTitleTest" finished-at="2025-11-23T12:35:30 IST" duration-ms="9" status="PASS">
          <reporter-output>
          </reporter-output>
        </test-method> <!-- googleTitleTest -->
        <test-method is-config="true" signature="tearDown()[pri:0, instance:com.test.testCases.BrowserLaunchTest@12b0404f]" started-at="2025-11-23T12:35:30 IST" name="tearDown" finished-at="2025-11-23T12:35:30 IST" duration-ms="188" status="PASS">
          <reporter-output>
          </reporter-output>
        </test-method> <!-- tearDown -->
      </class> <!-- com.test.testCases.BrowserLaunchTest -->
    </test> <!-- SampleTest -->
  </suite> <!-- MavenTestSuite -->
</testng-results>
