<?xml version="1.0" encoding="UTF-8"?>
<testng-results ignored="0" total="3" passed="3" failed="0" skipped="0">
  <reporter-output>
  </reporter-output>
  <suite started-at="2025-08-31T18:27:10 IST" name="Default suite" finished-at="2025-08-31T18:27:10 IST" duration-ms="103">
    <groups>
    </groups>
    <test started-at="2025-08-31T18:27:10 IST" name="Default test" finished-at="2025-08-31T18:27:10 IST" duration-ms="103">
      <class name="com.test.testCases.Retry">
        <test-method signature="Test(java.lang.String,java.lang.String)[pri:0, instance:com.test.testCases.Retry@4afcd809]" started-at="2025-08-31T18:27:10 IST" name="Test" data-provider="readDataFromExcel" finished-at="2025-08-31T18:27:10 IST" duration-ms="25" status="PASS">
          <params>
            <param index="0">
              <value>
                <![CDATA[user1]]>
              </value>
            </param>
            <param index="1">
              <value>
                <![CDATA[1]]>
              </value>
            </param>
          </params>
          <reporter-output>
          </reporter-output>
        </test-method> <!-- Test -->
        <test-method signature="Test(java.lang.String,java.lang.String)[pri:0, instance:com.test.testCases.Retry@4afcd809]" started-at="2025-08-31T18:27:10 IST" name="Test" data-provider="readDataFromExcel" finished-at="2025-08-31T18:27:10 IST" duration-ms="2" status="PASS">
          <params>
            <param index="0">
              <value>
                <![CDATA[user2]]>
              </value>
            </param>
            <param index="1">
              <value>
                <![CDATA[2]]>
              </value>
            </param>
          </params>
          <reporter-output>
          </reporter-output>
        </test-method> <!-- Test -->
        <test-method signature="Test(java.lang.String,java.lang.String)[pri:0, instance:com.test.testCases.Retry@4afcd809]" started-at="2025-08-31T18:27:10 IST" name="Test" data-provider="readDataFromExcel" finished-at="2025-08-31T18:27:10 IST" duration-ms="3" status="PASS">
          <params>
            <param index="0">
              <value>
                <![CDATA[user3]]>
              </value>
            </param>
            <param index="1">
              <value>
                <![CDATA[3]]>
              </value>
            </param>
          </params>
          <reporter-output>
          </reporter-output>
        </test-method> <!-- Test -->
      </class> <!-- com.test.testCases.Retry -->
    </test> <!-- Default test -->
  </suite> <!-- Default suite -->
</testng-results>
