<?xml version="1.0" encoding="UTF-8"?>
<!-- Generated by org.testng.reporters.JUnitReportReporter -->
<testsuite hostname="Abhinashs-MacBook-Air.local" failures="0" tests="2" name="com.test.testCases.BrowserLaunchTest" time="0.481" errors="0" timestamp="2025-11-22T17:47:37 IST" skipped="1">
  <testcase classname="com.test.testCases.BrowserLaunchTest" name="googleTitleTest" time="0.481"/>
  <testcase classname="com.test.testCases.BrowserLaunchTest" name="googleTest">
    <skipped/>
  </testcase> <!-- googleTest -->
</testsuite> <!-- com.test.testCases.BrowserLaunchTest -->
