<?xml version="1.0" encoding="UTF-8"?>
<!-- Generated by org.testng.reporters.JUnitReportReporter -->
<testsuite hostname="Abhinashs-MacBook-Air.local" failures="0" tests="3" name="com.test.testCases.Retry" time="0.026" errors="0" timestamp="2025-11-22T17:11:54 IST" skipped="0">
  <testcase classname="com.test.testCases.Retry" name="Test" time="0.002"/>
  <testcase classname="com.test.testCases.Retry" name="Test" time="0.002"/>
  <testcase classname="com.test.testCases.Retry" name="Test" time="0.022"/>
</testsuite> <!-- com.test.testCases.Retry -->
