<?xml version="1.0" encoding="UTF-8"?>
<!-- Generated by org.testng.reporters.JUnitReportReporter -->
<testsuite hostname="Abhinashs-MacBook-Air.local" failures="0" tests="2" name="com.test.testCases.BrowserLaunchTest" time="22.775" errors="0" timestamp="2025-11-23T12:35:30 IST" skipped="0">
  <testcase classname="com.test.testCases.BrowserLaunchTest" name="googleTest" time="22.766"/>
  <testcase classname="com.test.testCases.BrowserLaunchTest" name="googleTitleTest" time="0.009"/>
</testsuite> <!-- com.test.testCases.BrowserLaunchTest -->
